###############################################################################
#                                                                             #
# IAR C/C++ Compiler V8.10.3.10338/W32 for 8051         01/Aug/2020  21:46:44 #
# Copyright 2004-2011 IAR Systems AB.                                         #
#                                                                             #
#    Core               =  plain                                              #
#    Code model         =  banked                                             #
#    Data model         =  large                                              #
#    Calling convention =  xdata reentrant                                    #
#    Constant location  =  data_rom                                           #
#    Dptr setup         =  1,16                                               #
#    Source file        =  D:\Github\CC2530Projects\ZStack-2.5.1a\Projects\zs #
#                          tack\Samples\SampleApp\Source\Beep.c               #
#    Command line       =  -f D:\Github\CC2530Projects\ZStack-2.5.1a\Projects #
#                          \zstack\Samples\SampleApp\CC2530DB\..\..\..\Tools\ #
#                          CC2530DB\f8wRouter.cfg (-DCPU32MHZ                 #
#                          -DROOT=__near_func -DMAC_CFG_APP_PENDING_QUEUE=TRU #
#                          E -DMAC_CFG_TX_DATA_MAX=5 -DMAC_CFG_TX_MAX=8       #
#                          -DMAC_CFG_RX_MAX=5 -DRTR_NWK) -f                   #
#                          D:\Github\CC2530Projects\ZStack-2.5.1a\Projects\zs #
#                          tack\Samples\SampleApp\CC2530DB\..\..\..\Tools\CC2 #
#                          530DB\f8wConfig.cfg (-DZIGBEEPRO -DSECURE=0        #
#                          -DZG_SECURE_DYNAMIC=0 -DREFLECTOR                  #
#                          -DDEFAULT_CHANLIST=0x02000000                      #
#                          -DZDAPP_CONFIG_PAN_ID=0x1234                       #
#                          -DNWK_START_DELAY=100 -DEXTENDED_JOINING_RANDOM_MA #
#                          SK=0x007F -DBEACON_REQUEST_DELAY=100               #
#                          -DBEACON_REQ_DELAY_MASK=0x00FF                     #
#                          -DLINK_STATUS_JITTER_MASK=0x007F                   #
#                          -DROUTE_EXPIRY_TIME=30 -DAPSC_ACK_WAIT_DURATION_PO #
#                          LLED=3000 -DNWK_INDIRECT_MSG_TIMEOUT=7             #
#                          -DMAX_RREQ_ENTRIES=8 -DAPSC_MAX_FRAME_RETRIES=3    #
#                          -DNWK_MAX_DATA_RETRIES=2                           #
#                          -DMAX_POLL_FAILURE_RETRIES=2 -DMAX_BCAST=9         #
#                          -DAPS_MAX_GROUPS=16 -DMAX_RTG_ENTRIES=40           #
#                          -DNWK_MAX_BINDING_ENTRIES=4                        #
#                          -DMAX_BINDING_CLUSTER_IDS=4 "-DDEFAULT_KEY={0x01,  #
#                          0x03, 0x05, 0x07, 0x09, 0x0B, 0x0D, 0x0F, 0x00,    #
#                          0x02, 0x04, 0x06, 0x08, 0x0A, 0x0C, 0x0D}"         #
#                          -DMAC_MAX_FRAME_SIZE=116                           #
#                          -DZDNWKMGR_MIN_TRANSMISSIONS=20 "-DCONST=const     #
#                          __code" -DGENERIC=__generic                        #
#                          -DRFD_RCVC_ALWAYS_ON=FALSE -DPOLL_RATE=1000        #
#                          -DQUEUED_POLL_RATE=100 -DRESPONSE_POLL_RATE=100)   #
#                          -DREJOIN_POLL_RATE=440 D:\Github\CC2530Projects\ZS #
#                          tack-2.5.1a\Projects\zstack\Samples\SampleApp\Sour #
#                          ce\Beep.c -D ZTOOL_P1 -D MT_TASK -D MT_SYS_FUNC    #
#                          -D MT_ZDO_FUNC -D LCD_SUPPORTED=DEBUG -lC          #
#                          D:\Github\CC2530Projects\ZStack-2.5.1a\Projects\zs #
#                          tack\Samples\SampleApp\CC2530DB\RouterEB\List\     #
#                          -lA D:\Github\CC2530Projects\ZStack-2.5.1a\Project #
#                          s\zstack\Samples\SampleApp\CC2530DB\RouterEB\List\ #
#                           --diag_suppress Pe001,Pa010 -o                    #
#                          D:\Github\CC2530Projects\ZStack-2.5.1a\Projects\zs #
#                          tack\Samples\SampleApp\CC2530DB\RouterEB\Obj\ -e   #
#                          --no_code_motion --debug --core=plain --dptr=16,1  #
#                          --data_model=large --code_model=banked             #
#                          --calling_convention=xdata_reentrant               #
#                          --place_constants=data_rom --nr_virtual_regs 16    #
#                          -I D:\Github\CC2530Projects\ZStack-2.5.1a\Projects #
#                          \zstack\Samples\SampleApp\CC2530DB\ -I             #
#                          D:\Github\CC2530Projects\ZStack-2.5.1a\Projects\zs #
#                          tack\Samples\SampleApp\CC2530DB\..\Source\ -I      #
#                          D:\Github\CC2530Projects\ZStack-2.5.1a\Projects\zs #
#                          tack\Samples\SampleApp\CC2530DB\..\..\..\ZMain\TI2 #
#                          530DB\ -I D:\Github\CC2530Projects\ZStack-2.5.1a\P #
#                          rojects\zstack\Samples\SampleApp\CC2530DB\..\..\.. #
#                          \..\..\Components\hal\include\ -I                  #
#                          D:\Github\CC2530Projects\ZStack-2.5.1a\Projects\zs #
#                          tack\Samples\SampleApp\CC2530DB\..\..\..\..\..\Com #
#                          ponents\hal\target\CC2530EB\ -I                    #
#                          D:\Github\CC2530Projects\ZStack-2.5.1a\Projects\zs #
#                          tack\Samples\SampleApp\CC2530DB\..\..\..\..\..\Com #
#                          ponents\mac\include\ -I D:\Github\CC2530Projects\Z #
#                          Stack-2.5.1a\Projects\zstack\Samples\SampleApp\CC2 #
#                          530DB\..\..\..\..\..\Components\mac\high_level\    #
#                          -I D:\Github\CC2530Projects\ZStack-2.5.1a\Projects #
#                          \zstack\Samples\SampleApp\CC2530DB\..\..\..\..\..\ #
#                          Components\mac\low_level\srf04\ -I                 #
#                          D:\Github\CC2530Projects\ZStack-2.5.1a\Projects\zs #
#                          tack\Samples\SampleApp\CC2530DB\..\..\..\..\..\Com #
#                          ponents\mac\low_level\srf04\single_chip\ -I        #
#                          D:\Github\CC2530Projects\ZStack-2.5.1a\Projects\zs #
#                          tack\Samples\SampleApp\CC2530DB\..\..\..\..\..\Com #
#                          ponents\mt\ -I D:\Github\CC2530Projects\ZStack-2.5 #
#                          .1a\Projects\zstack\Samples\SampleApp\CC2530DB\..\ #
#                          ..\..\..\..\Components\osal\include\ -I            #
#                          D:\Github\CC2530Projects\ZStack-2.5.1a\Projects\zs #
#                          tack\Samples\SampleApp\CC2530DB\..\..\..\..\..\Com #
#                          ponents\services\saddr\ -I                         #
#                          D:\Github\CC2530Projects\ZStack-2.5.1a\Projects\zs #
#                          tack\Samples\SampleApp\CC2530DB\..\..\..\..\..\Com #
#                          ponents\services\sdata\ -I                         #
#                          D:\Github\CC2530Projects\ZStack-2.5.1a\Projects\zs #
#                          tack\Samples\SampleApp\CC2530DB\..\..\..\..\..\Com #
#                          ponents\stack\af\ -I D:\Github\CC2530Projects\ZSta #
#                          ck-2.5.1a\Projects\zstack\Samples\SampleApp\CC2530 #
#                          DB\..\..\..\..\..\Components\stack\nwk\ -I         #
#                          D:\Github\CC2530Projects\ZStack-2.5.1a\Projects\zs #
#                          tack\Samples\SampleApp\CC2530DB\..\..\..\..\..\Com #
#                          ponents\stack\sapi\ -I D:\Github\CC2530Projects\ZS #
#                          tack-2.5.1a\Projects\zstack\Samples\SampleApp\CC25 #
#                          30DB\..\..\..\..\..\Components\stack\sec\ -I       #
#                          D:\Github\CC2530Projects\ZStack-2.5.1a\Projects\zs #
#                          tack\Samples\SampleApp\CC2530DB\..\..\..\..\..\Com #
#                          ponents\stack\sys\ -I D:\Github\CC2530Projects\ZSt #
#                          ack-2.5.1a\Projects\zstack\Samples\SampleApp\CC253 #
#                          0DB\..\..\..\..\..\Components\stack\zdo\ -I        #
#                          D:\Github\CC2530Projects\ZStack-2.5.1a\Projects\zs #
#                          tack\Samples\SampleApp\CC2530DB\..\..\..\..\..\Com #
#                          ponents\zmac\ -I D:\Github\CC2530Projects\ZStack-2 #
#                          .5.1a\Projects\zstack\Samples\SampleApp\CC2530DB\. #
#                          .\..\..\..\..\Components\zmac\f8w\ -Ohz            #
#                          --require_prototypes                               #
#    List file          =  D:\Github\CC2530Projects\ZStack-2.5.1a\Projects\zs #
#                          tack\Samples\SampleApp\CC2530DB\RouterEB\List\Beep #
#                          .lst                                               #
#    Object file        =  D:\Github\CC2530Projects\ZStack-2.5.1a\Projects\zs #
#                          tack\Samples\SampleApp\CC2530DB\RouterEB\Obj\Beep. #
#                          r51                                                #
#                                                                             #
#                                                                             #
###############################################################################

D:\Github\CC2530Projects\ZStack-2.5.1a\Projects\zstack\Samples\SampleApp\Source\Beep.c
      1          #include "Beep.h"
      2          
      3          #define DATA_PIN P2_1
      4          
      5          void BeepInit()
                      ^
Error[Pa045]: function "BeepInit" has no prototype
      6          {
      7            P2DIR |= 0x02;
      8          }
      9          
     10          void Beep(u8 time)
     11          {
     12            u8 i;
     13            for(i=0; i<time; i++)
     14            {
     15          	DATA_PIN = 1;
     16          	Delay10us();
                 	^
Error[Pa045]: function "Delay10us" has no prototype
     17          	DATA_PIN = 0;
     18          	Delay10us(); Delay10us(); Delay10us(); Delay10us();
     19            }
     20          }

Errors: 2
Warnings: none
