###############################################################################
#                                                                             #
# IAR C/C++ Compiler V8.10.3.10338/W32 for 8051         04/Sep/2020  17:07:56 #
# Copyright 2004-2011 IAR Systems AB.                                         #
#                                                                             #
#    Core               =  plain                                              #
#    Code model         =  banked                                             #
#    Data model         =  large                                              #
#    Calling convention =  xdata reentrant                                    #
#    Constant location  =  data_rom                                           #
#    Dptr setup         =  1,16                                               #
#    Source file        =  D:\Github\SmartHome-CC2530\Projects\zstack\Samples #
#                          \SampleApp\Source\General.c                        #
#    Command line       =  -f D:\Github\SmartHome-CC2530\Projects\zstack\Samp #
#                          les\SampleApp\CC2530DB\..\..\..\Tools\CC2530DB\f8w #
#                          Endev.cfg (-DCPU32MHZ -DROOT=__near_func           #
#                          -DMAC_CFG_TX_DATA_MAX=3 -DMAC_CFG_TX_MAX=6         #
#                          -DMAC_CFG_RX_MAX=3) -f D:\Github\SmartHome-CC2530\ #
#                          Projects\zstack\Samples\SampleApp\CC2530DB\..\..\. #
#                          .\Tools\CC2530DB\f8wConfig.cfg (-DZIGBEEPRO        #
#                          -DSECURE=0 -DZG_SECURE_DYNAMIC=0 -DREFLECTOR       #
#                          -DDEFAULT_CHANLIST=0x02000000                      #
#                          -DZDAPP_CONFIG_PAN_ID=0x1234                       #
#                          -DNWK_START_DELAY=100 -DEXTENDED_JOINING_RANDOM_MA #
#                          SK=0x007F -DBEACON_REQUEST_DELAY=100               #
#                          -DBEACON_REQ_DELAY_MASK=0x00FF                     #
#                          -DLINK_STATUS_JITTER_MASK=0x007F                   #
#                          -DROUTE_EXPIRY_TIME=30 -DAPSC_ACK_WAIT_DURATION_PO #
#                          LLED=3000 -DNWK_INDIRECT_MSG_TIMEOUT=7             #
#                          -DMAX_RREQ_ENTRIES=8 -DAPSC_MAX_FRAME_RETRIES=3    #
#                          -DNWK_MAX_DATA_RETRIES=2                           #
#                          -DMAX_POLL_FAILURE_RETRIES=2 -DMAX_BCAST=9         #
#                          -DAPS_MAX_GROUPS=16 -DMAX_RTG_ENTRIES=40           #
#                          -DNWK_MAX_BINDING_ENTRIES=4                        #
#                          -DMAX_BINDING_CLUSTER_IDS=4 "-DDEFAULT_KEY={0x01,  #
#                          0x03, 0x05, 0x07, 0x09, 0x0B, 0x0D, 0x0F, 0x00,    #
#                          0x02, 0x04, 0x06, 0x08, 0x0A, 0x0C, 0x0D}"         #
#                          -DMAC_MAX_FRAME_SIZE=116                           #
#                          -DZDNWKMGR_MIN_TRANSMISSIONS=20 "-DCONST=const     #
#                          __code" -DGENERIC=__generic                        #
#                          -DRFD_RCVC_ALWAYS_ON=FALSE -DPOLL_RATE=1000        #
#                          -DQUEUED_POLL_RATE=100 -DRESPONSE_POLL_RATE=100)   #
#                          -DREJOIN_POLL_RATE=440 D:\Github\SmartHome-CC2530\ #
#                          Projects\zstack\Samples\SampleApp\Source\General.c #
#                           -D NWK_AUTO_POLL -D ZTOOL_P1 -D MT_TASK -D        #
#                          MT_SYS_FUNC -D MT_ZDO_FUNC -D LCD_SUPPORTED -D     #
#                          ACTUATOR_NODE -lC D:\Github\SmartHome-CC2530\Proje #
#                          cts\zstack\Samples\SampleApp\CC2530DB\ActuatorNode #
#                          \List\ -lA D:\Github\SmartHome-CC2530\Projects\zst #
#                          ack\Samples\SampleApp\CC2530DB\ActuatorNode\List\  #
#                          --diag_suppress Pe001,Pa010 -o                     #
#                          D:\Github\SmartHome-CC2530\Projects\zstack\Samples #
#                          \SampleApp\CC2530DB\ActuatorNode\Obj\ -e           #
#                          --no_code_motion --debug --core=plain --dptr=16,1  #
#                          --data_model=large --code_model=banked             #
#                          --calling_convention=xdata_reentrant               #
#                          --place_constants=data_rom --nr_virtual_regs 16    #
#                          -I D:\Github\SmartHome-CC2530\Projects\zstack\Samp #
#                          les\SampleApp\CC2530DB\ -I                         #
#                          D:\Github\SmartHome-CC2530\Projects\zstack\Samples #
#                          \SampleApp\CC2530DB\..\Source\ -I                  #
#                          D:\Github\SmartHome-CC2530\Projects\zstack\Samples #
#                          \SampleApp\CC2530DB\..\..\..\ZMain\TI2530DB\ -I    #
#                          D:\Github\SmartHome-CC2530\Projects\zstack\Samples #
#                          \SampleApp\CC2530DB\..\..\..\..\..\Components\hal\ #
#                          include\ -I D:\Github\SmartHome-CC2530\Projects\zs #
#                          tack\Samples\SampleApp\CC2530DB\..\..\..\..\..\Com #
#                          ponents\hal\target\CC2530EB\ -I                    #
#                          D:\Github\SmartHome-CC2530\Projects\zstack\Samples #
#                          \SampleApp\CC2530DB\..\..\..\..\..\Components\mac\ #
#                          include\ -I D:\Github\SmartHome-CC2530\Projects\zs #
#                          tack\Samples\SampleApp\CC2530DB\..\..\..\..\..\Com #
#                          ponents\mac\high_level\ -I                         #
#                          D:\Github\SmartHome-CC2530\Projects\zstack\Samples #
#                          \SampleApp\CC2530DB\..\..\..\..\..\Components\mac\ #
#                          low_level\srf04\ -I D:\Github\SmartHome-CC2530\Pro #
#                          jects\zstack\Samples\SampleApp\CC2530DB\..\..\..\. #
#                          .\..\Components\mac\low_level\srf04\single_chip\   #
#                          -I D:\Github\SmartHome-CC2530\Projects\zstack\Samp #
#                          les\SampleApp\CC2530DB\..\..\..\..\..\Components\m #
#                          t\ -I D:\Github\SmartHome-CC2530\Projects\zstack\S #
#                          amples\SampleApp\CC2530DB\..\..\..\..\..\Component #
#                          s\osal\include\ -I D:\Github\SmartHome-CC2530\Proj #
#                          ects\zstack\Samples\SampleApp\CC2530DB\..\..\..\.. #
#                          \..\Components\services\saddr\ -I                  #
#                          D:\Github\SmartHome-CC2530\Projects\zstack\Samples #
#                          \SampleApp\CC2530DB\..\..\..\..\..\Components\serv #
#                          ices\sdata\ -I D:\Github\SmartHome-CC2530\Projects #
#                          \zstack\Samples\SampleApp\CC2530DB\..\..\..\..\..\ #
#                          Components\stack\af\ -I D:\Github\SmartHome-CC2530 #
#                          \Projects\zstack\Samples\SampleApp\CC2530DB\..\..\ #
#                          ..\..\..\Components\stack\nwk\ -I                  #
#                          D:\Github\SmartHome-CC2530\Projects\zstack\Samples #
#                          \SampleApp\CC2530DB\..\..\..\..\..\Components\stac #
#                          k\sapi\ -I D:\Github\SmartHome-CC2530\Projects\zst #
#                          ack\Samples\SampleApp\CC2530DB\..\..\..\..\..\Comp #
#                          onents\stack\sec\ -I D:\Github\SmartHome-CC2530\Pr #
#                          ojects\zstack\Samples\SampleApp\CC2530DB\..\..\..\ #
#                          ..\..\Components\stack\sys\ -I                     #
#                          D:\Github\SmartHome-CC2530\Projects\zstack\Samples #
#                          \SampleApp\CC2530DB\..\..\..\..\..\Components\stac #
#                          k\zdo\ -I D:\Github\SmartHome-CC2530\Projects\zsta #
#                          ck\Samples\SampleApp\CC2530DB\..\..\..\..\..\Compo #
#                          nents\zmac\ -I D:\Github\SmartHome-CC2530\Projects #
#                          \zstack\Samples\SampleApp\CC2530DB\..\..\..\..\..\ #
#                          Components\zmac\f8w\ -Ohz                          #
#    List file          =  D:\Github\SmartHome-CC2530\Projects\zstack\Samples #
#                          \SampleApp\CC2530DB\ActuatorNode\List\General.lst  #
#    Object file        =  D:\Github\SmartHome-CC2530\Projects\zstack\Samples #
#                          \SampleApp\CC2530DB\ActuatorNode\Obj\General.r51   #
#                                                                             #
#                                                                             #
###############################################################################

D:\Github\SmartHome-CC2530\Projects\zstack\Samples\SampleApp\Source\General.c
      1          #include <ioCC2530.h>

   \                                 In  segment SFR_AN, at 0xfe
   \   unsigned char volatile __sfr P1DIR
   \                     P1DIR:
   \   000000                DS 1
      2          #include "General.h"
      3          #include "OnBoard.h"
      4          

   \                                 In  segment BANKED_CODE, align 1, keep-with-next
      5          void DelayMs(u16 msec)
   \                     DelayMs:
      6          { 
   \   000000   74F7         MOV     A,#-0x9
   \   000002   12....       LCALL   ?BANKED_ENTER_XDATA
   \   000005                ; Saved register size: 9
   \   000005                ; Auto size: 0
   \   000005   EA           MOV     A,R2
   \   000006   FE           MOV     R6,A
   \   000007   EB           MOV     A,R3
   \   000008   FF           MOV     R7,A
      7              unsigned char i;
      8              while(msec--)
   \                     ??DelayMs_0:
   \   000009   EE           MOV     A,R6
   \   00000A   F8           MOV     R0,A
   \   00000B   EF           MOV     A,R7
   \   00000C   F9           MOV     R1,A
   \   00000D   E8           MOV     A,R0
   \   00000E   24FF         ADD     A,#-0x1
   \   000010   1E           DEC     R6
   \   000011   E9           MOV     A,R1
   \   000012   34FF         ADDC    A,#-0x1
   \   000014   FF           MOV     R7,A
   \   000015   E8           MOV     A,R0
   \   000016   49           ORL     A,R1
   \   000017   6012         JZ      ??DelayMs_1
      9              {
     10                  for(i=0;i<100;i++)
   \   000019   75..64       MOV     ?V0 + 0,#0x64
     11                      Delay10us();
   \                     ??DelayMs_2:
   \   00001C                ; Setup parameters for call to function Onboard_wait
   \   00001C   7A0A         MOV     R2,#0xa
   \   00001E   7B00         MOV     R3,#0x0
   \   000020   12....       LCALL   ??Onboard_wait?relay
   \   000023   15..         DEC     ?V0 + 0
   \   000025   E5..         MOV     A,?V0 + 0
   \   000027   60E0         JZ      ??DelayMs_0
   \   000029   80F1         SJMP    ??DelayMs_2
     12              }
     13          }
   \                     ??DelayMs_1:
   \   00002B   7F01         MOV     R7,#0x1
   \   00002D   02....       LJMP    ?BANKED_LEAVE_XDATA
     14          

   \                                 In  segment BANKED_CODE, align 1, keep-with-next
     15          void Delay10us()
   \                     Delay10us:
     16          {
   \   000000   C082         PUSH    DPL
   \   000002   C083         PUSH    DPH
   \   000004                ; Saved register size: 2
   \   000004                ; Auto size: 0
     17            MicroWait(10); 
   \   000004                ; Setup parameters for call to function Onboard_wait
   \   000004   7A0A         MOV     R2,#0xa
   \   000006   7B00         MOV     R3,#0x0
   \   000008   12....       LCALL   ??Onboard_wait?relay
     18          }
   \   00000B   D083         POP     DPH
   \   00000D   D082         POP     DPL
   \   00000F   02....       LJMP    ?BRET
     19          
     20          
     21          //LED1,2,3的端口初始化

   \                                 In  segment BANKED_CODE, align 1, keep-with-next
     22          void LEDInit()
   \                     LEDInit:
     23          {
   \   000000                ; Saved register size: 0
   \   000000                ; Auto size: 0
     24            P1DIR |= 0x13;  //P1_0,P1_1,P1_4配置为输出口
   \   000000   43FE13       ORL     0xfe,#0x13
     25          }
   \   000003   02....       LJMP    ?BRET
   \   000006                REQUIRE P1DIR

   \                                 In  segment BANK_RELAYS, align 1
   \                     ??DelayMs?relay:
   \   000000   12....       LCALL   ?BDISPATCH
   \   000003   ......       DC24    DelayMs

   \                                 In  segment BANK_RELAYS, align 1
   \                     ??Delay10us?relay:
   \   000000   12....       LCALL   ?BDISPATCH
   \   000003   ......       DC24    Delay10us

   \                                 In  segment BANK_RELAYS, align 1
   \                     ??LEDInit?relay:
   \   000000   12....       LCALL   ?BDISPATCH
   \   000003   ......       DC24    LEDInit
     26          
     27          
     28          

   Maximum stack usage in bytes:

     Function          ISTACK PSTACK XSTACK
     --------          ------ ------ ------
     Delay10us             2      0      0
       -> Onboard_wait     4      0      0
     DelayMs               0      0      9
       -> Onboard_wait     0      0     18
     LEDInit               0      0      0


   Segment part sizes:

     Function/Label    Bytes
     --------------    -----
     P1DIR                1
     DelayMs             48
     Delay10us           18
     LEDInit              6
     ??DelayMs?relay      6
     ??Delay10us?relay    6
     ??LEDInit?relay      6

 
 72 bytes in segment BANKED_CODE
 18 bytes in segment BANK_RELAYS
  1 byte  in segment SFR_AN
 
 90 bytes of CODE memory
  0 bytes of DATA memory (+ 1 byte shared)

Errors: none
Warnings: none
