###############################################################################
#                                                                             #
# IAR C/C++ Compiler V8.10.3.10338/W32 for 8051         04/Sep/2020  17:08:05 #
# Copyright 2004-2011 IAR Systems AB.                                         #
#                                                                             #
#    Core               =  plain                                              #
#    Code model         =  banked                                             #
#    Data model         =  large                                              #
#    Calling convention =  xdata reentrant                                    #
#    Constant location  =  data_rom                                           #
#    Dptr setup         =  1,16                                               #
#    Source file        =  D:\Github\SmartHome-CC2530\Projects\zstack\Samples #
#                          \SampleApp\Source\Relay.c                          #
#    Command line       =  -f D:\Github\SmartHome-CC2530\Projects\zstack\Samp #
#                          les\SampleApp\CC2530DB\..\..\..\Tools\CC2530DB\f8w #
#                          Endev.cfg (-DCPU32MHZ -DROOT=__near_func           #
#                          -DMAC_CFG_TX_DATA_MAX=3 -DMAC_CFG_TX_MAX=6         #
#                          -DMAC_CFG_RX_MAX=3) -f D:\Github\SmartHome-CC2530\ #
#                          Projects\zstack\Samples\SampleApp\CC2530DB\..\..\. #
#                          .\Tools\CC2530DB\f8wConfig.cfg (-DZIGBEEPRO        #
#                          -DSECURE=0 -DZG_SECURE_DYNAMIC=0 -DREFLECTOR       #
#                          -DDEFAULT_CHANLIST=0x02000000                      #
#                          -DZDAPP_CONFIG_PAN_ID=0x1234                       #
#                          -DNWK_START_DELAY=100 -DEXTENDED_JOINING_RANDOM_MA #
#                          SK=0x007F -DBEACON_REQUEST_DELAY=100               #
#                          -DBEACON_REQ_DELAY_MASK=0x00FF                     #
#                          -DLINK_STATUS_JITTER_MASK=0x007F                   #
#                          -DROUTE_EXPIRY_TIME=30 -DAPSC_ACK_WAIT_DURATION_PO #
#                          LLED=3000 -DNWK_INDIRECT_MSG_TIMEOUT=7             #
#                          -DMAX_RREQ_ENTRIES=8 -DAPSC_MAX_FRAME_RETRIES=3    #
#                          -DNWK_MAX_DATA_RETRIES=2                           #
#                          -DMAX_POLL_FAILURE_RETRIES=2 -DMAX_BCAST=9         #
#                          -DAPS_MAX_GROUPS=16 -DMAX_RTG_ENTRIES=40           #
#                          -DNWK_MAX_BINDING_ENTRIES=4                        #
#                          -DMAX_BINDING_CLUSTER_IDS=4 "-DDEFAULT_KEY={0x01,  #
#                          0x03, 0x05, 0x07, 0x09, 0x0B, 0x0D, 0x0F, 0x00,    #
#                          0x02, 0x04, 0x06, 0x08, 0x0A, 0x0C, 0x0D}"         #
#                          -DMAC_MAX_FRAME_SIZE=116                           #
#                          -DZDNWKMGR_MIN_TRANSMISSIONS=20 "-DCONST=const     #
#                          __code" -DGENERIC=__generic                        #
#                          -DRFD_RCVC_ALWAYS_ON=FALSE -DPOLL_RATE=1000        #
#                          -DQUEUED_POLL_RATE=100 -DRESPONSE_POLL_RATE=100)   #
#                          -DREJOIN_POLL_RATE=440 D:\Github\SmartHome-CC2530\ #
#                          Projects\zstack\Samples\SampleApp\Source\Relay.c   #
#                          -D NWK_AUTO_POLL -D ZTOOL_P1 -D MT_TASK -D         #
#                          MT_SYS_FUNC -D MT_ZDO_FUNC -D LCD_SUPPORTED -D     #
#                          ACTUATOR_NODE -lC D:\Github\SmartHome-CC2530\Proje #
#                          cts\zstack\Samples\SampleApp\CC2530DB\ActuatorNode #
#                          \List\ -lA D:\Github\SmartHome-CC2530\Projects\zst #
#                          ack\Samples\SampleApp\CC2530DB\ActuatorNode\List\  #
#                          --diag_suppress Pe001,Pa010 -o                     #
#                          D:\Github\SmartHome-CC2530\Projects\zstack\Samples #
#                          \SampleApp\CC2530DB\ActuatorNode\Obj\ -e           #
#                          --no_code_motion --debug --core=plain --dptr=16,1  #
#                          --data_model=large --code_model=banked             #
#                          --calling_convention=xdata_reentrant               #
#                          --place_constants=data_rom --nr_virtual_regs 16    #
#                          -I D:\Github\SmartHome-CC2530\Projects\zstack\Samp #
#                          les\SampleApp\CC2530DB\ -I                         #
#                          D:\Github\SmartHome-CC2530\Projects\zstack\Samples #
#                          \SampleApp\CC2530DB\..\Source\ -I                  #
#                          D:\Github\SmartHome-CC2530\Projects\zstack\Samples #
#                          \SampleApp\CC2530DB\..\..\..\ZMain\TI2530DB\ -I    #
#                          D:\Github\SmartHome-CC2530\Projects\zstack\Samples #
#                          \SampleApp\CC2530DB\..\..\..\..\..\Components\hal\ #
#                          include\ -I D:\Github\SmartHome-CC2530\Projects\zs #
#                          tack\Samples\SampleApp\CC2530DB\..\..\..\..\..\Com #
#                          ponents\hal\target\CC2530EB\ -I                    #
#                          D:\Github\SmartHome-CC2530\Projects\zstack\Samples #
#                          \SampleApp\CC2530DB\..\..\..\..\..\Components\mac\ #
#                          include\ -I D:\Github\SmartHome-CC2530\Projects\zs #
#                          tack\Samples\SampleApp\CC2530DB\..\..\..\..\..\Com #
#                          ponents\mac\high_level\ -I                         #
#                          D:\Github\SmartHome-CC2530\Projects\zstack\Samples #
#                          \SampleApp\CC2530DB\..\..\..\..\..\Components\mac\ #
#                          low_level\srf04\ -I D:\Github\SmartHome-CC2530\Pro #
#                          jects\zstack\Samples\SampleApp\CC2530DB\..\..\..\. #
#                          .\..\Components\mac\low_level\srf04\single_chip\   #
#                          -I D:\Github\SmartHome-CC2530\Projects\zstack\Samp #
#                          les\SampleApp\CC2530DB\..\..\..\..\..\Components\m #
#                          t\ -I D:\Github\SmartHome-CC2530\Projects\zstack\S #
#                          amples\SampleApp\CC2530DB\..\..\..\..\..\Component #
#                          s\osal\include\ -I D:\Github\SmartHome-CC2530\Proj #
#                          ects\zstack\Samples\SampleApp\CC2530DB\..\..\..\.. #
#                          \..\Components\services\saddr\ -I                  #
#                          D:\Github\SmartHome-CC2530\Projects\zstack\Samples #
#                          \SampleApp\CC2530DB\..\..\..\..\..\Components\serv #
#                          ices\sdata\ -I D:\Github\SmartHome-CC2530\Projects #
#                          \zstack\Samples\SampleApp\CC2530DB\..\..\..\..\..\ #
#                          Components\stack\af\ -I D:\Github\SmartHome-CC2530 #
#                          \Projects\zstack\Samples\SampleApp\CC2530DB\..\..\ #
#                          ..\..\..\Components\stack\nwk\ -I                  #
#                          D:\Github\SmartHome-CC2530\Projects\zstack\Samples #
#                          \SampleApp\CC2530DB\..\..\..\..\..\Components\stac #
#                          k\sapi\ -I D:\Github\SmartHome-CC2530\Projects\zst #
#                          ack\Samples\SampleApp\CC2530DB\..\..\..\..\..\Comp #
#                          onents\stack\sec\ -I D:\Github\SmartHome-CC2530\Pr #
#                          ojects\zstack\Samples\SampleApp\CC2530DB\..\..\..\ #
#                          ..\..\Components\stack\sys\ -I                     #
#                          D:\Github\SmartHome-CC2530\Projects\zstack\Samples #
#                          \SampleApp\CC2530DB\..\..\..\..\..\Components\stac #
#                          k\zdo\ -I D:\Github\SmartHome-CC2530\Projects\zsta #
#                          ck\Samples\SampleApp\CC2530DB\..\..\..\..\..\Compo #
#                          nents\zmac\ -I D:\Github\SmartHome-CC2530\Projects #
#                          \zstack\Samples\SampleApp\CC2530DB\..\..\..\..\..\ #
#                          Components\zmac\f8w\ -Ohz                          #
#    List file          =  D:\Github\SmartHome-CC2530\Projects\zstack\Samples #
#                          \SampleApp\CC2530DB\ActuatorNode\List\Relay.lst    #
#    Object file        =  D:\Github\SmartHome-CC2530\Projects\zstack\Samples #
#                          \SampleApp\CC2530DB\ActuatorNode\Obj\Relay.r51     #
#                                                                             #
#                                                                             #
###############################################################################

D:\Github\SmartHome-CC2530\Projects\zstack\Samples\SampleApp\Source\Relay.c
      1          #include "Relay.h"

   \                                 In  segment SFR_AN, at 0x80
   \   union <unnamed> volatile __sfr _A_P0
   \                     _A_P0:
   \   000000                DS 1

   \                                 In  segment SFR_AN, at 0xf3
   \   unsigned char volatile __sfr P0SEL
   \                     P0SEL:
   \   000000                DS 1

   \                                 In  segment SFR_AN, at 0xfd
   \   unsigned char volatile __sfr P0DIR
   \                     P0DIR:
   \   000000                DS 1
      2          
      3          #define DATA_PIN P0_1
      4          
      5          //继电器的IO口初始化

   \                                 In  segment BANKED_CODE, align 1, keep-with-next
      6          void RelayInit()
   \                     RelayInit:
      7          {
   \   000000                ; Saved register size: 0
   \   000000                ; Auto size: 0
      8            P0SEL &= ~ 0x02;
   \   000000   53F3FD       ANL     0xf3,#0xfd
      9            P0DIR |=   0x02;
   \   000003   43FD02       ORL     0xfd,#0x2
     10          }
   \   000006   02....       LJMP    ?BRET
   \   000009                REQUIRE P0SEL
   \   000009                REQUIRE P0DIR
     11          
     12          //继电器开关打开

   \                                 In  segment BANKED_CODE, align 1, keep-with-next
     13          void RelayOn()
   \                     RelayOn:
     14          {
   \   000000                ; Saved register size: 0
   \   000000                ; Auto size: 0
     15            DATA_PIN = 0;
   \   000000   C281         CLR     0x80.1
     16          }
   \   000002   02....       LJMP    ?BRET
   \   000005                REQUIRE _A_P0
     17          
     18          //继电器开关关闭

   \                                 In  segment BANKED_CODE, align 1, keep-with-next
     19          void RelayOff()
   \                     RelayOff:
     20          {
   \   000000                ; Saved register size: 0
   \   000000                ; Auto size: 0
     21           DATA_PIN = 1;
   \   000000   D281         SETB    0x80.1
     22          }
   \   000002   02....       LJMP    ?BRET
   \   000005                REQUIRE _A_P0

   \                                 In  segment BANK_RELAYS, align 1
   \                     ??RelayInit?relay:
   \   000000   12....       LCALL   ?BDISPATCH
   \   000003   ......       DC24    RelayInit

   \                                 In  segment BANK_RELAYS, align 1
   \                     ??RelayOn?relay:
   \   000000   12....       LCALL   ?BDISPATCH
   \   000003   ......       DC24    RelayOn

   \                                 In  segment BANK_RELAYS, align 1
   \                     ??RelayOff?relay:
   \   000000   12....       LCALL   ?BDISPATCH
   \   000003   ......       DC24    RelayOff

   Maximum stack usage in bytes:

     Function  ISTACK PSTACK XSTACK
     --------  ------ ------ ------
     RelayInit     0      0      0
     RelayOff      0      0      0
     RelayOn       0      0      0


   Segment part sizes:

     Function/Label    Bytes
     --------------    -----
     _A_P0                1
     P0SEL                1
     P0DIR                1
     RelayInit            9
     RelayOn              5
     RelayOff             5
     ??RelayInit?relay    6
     ??RelayOn?relay      6
     ??RelayOff?relay     6

 
 19 bytes in segment BANKED_CODE
 18 bytes in segment BANK_RELAYS
  3 bytes in segment SFR_AN
 
 37 bytes of CODE memory
  0 bytes of DATA memory (+ 3 bytes shared)

Errors: none
Warnings: none
